<?xml version="1.0" encoding="UTF-8"?>
<testsuite name="tests.GroupCreationTests" tests="2" skipped="0" failures="0" errors="0" timestamp="2019-03-09T12:32:26" hostname="DESKTOP-HQRGI17" time="1.43">
  <properties/>
  <testcase name="testGroupCreation[0](GroupData{id='2147483647', name='test 0'})" classname="tests.GroupCreationTests" time="0.869"/>
  <testcase name="testGroupCreation[1](GroupData{id='2147483647', name='test 1'})" classname="tests.GroupCreationTests" time="0.559"/>
  <system-out><![CDATA[15:32:26.912 [Test worker] INFO  tests.TestBase - Start test testGroupCreation with parameters [GroupData{id='2147483647', name='test 0'}]
Hibernate: select groupdata0_.group_id as group_id1_2_, groupdata0_.group_footer as group_fo2_2_, groupdata0_.group_header as group_he3_2_, groupdata0_.group_name as group_na4_2_ from group_list groupdata0_
Hibernate: select contacts0_.group_id as group_id2_0_0_, contacts0_.id as id1_0_0_, contactdat1_.id as id1_1_1_, contactdat1_.address as address2_1_1_, contactdat1_.email as email3_1_1_, contactdat1_.email2 as email4_1_1_, contactdat1_.email3 as email5_1_1_, contactdat1_.firstname as firstnam6_1_1_, contactdat1_.home as home7_1_1_, contactdat1_.lastname as lastname8_1_1_, contactdat1_.middlename as middlena9_1_1_, contactdat1_.mobile as mobile10_1_1_, contactdat1_.photo as photo11_1_1_, contactdat1_.work as work12_1_1_ from address_in_groups contacts0_ inner join addressbook contactdat1_ on contacts0_.id=contactdat1_.id where contacts0_.group_id=?
Hibernate: select contacts0_.group_id as group_id2_0_0_, contacts0_.id as id1_0_0_, contactdat1_.id as id1_1_1_, contactdat1_.address as address2_1_1_, contactdat1_.email as email3_1_1_, contactdat1_.email2 as email4_1_1_, contactdat1_.email3 as email5_1_1_, contactdat1_.firstname as firstnam6_1_1_, contactdat1_.home as home7_1_1_, contactdat1_.lastname as lastname8_1_1_, contactdat1_.middlename as middlena9_1_1_, contactdat1_.mobile as mobile10_1_1_, contactdat1_.photo as photo11_1_1_, contactdat1_.work as work12_1_1_ from address_in_groups contacts0_ inner join addressbook contactdat1_ on contacts0_.id=contactdat1_.id where contacts0_.group_id=?
Hibernate: select contacts0_.group_id as group_id2_0_0_, contacts0_.id as id1_0_0_, contactdat1_.id as id1_1_1_, contactdat1_.address as address2_1_1_, contactdat1_.email as email3_1_1_, contactdat1_.email2 as email4_1_1_, contactdat1_.email3 as email5_1_1_, contactdat1_.firstname as firstnam6_1_1_, contactdat1_.home as home7_1_1_, contactdat1_.lastname as lastname8_1_1_, contactdat1_.middlename as middlena9_1_1_, contactdat1_.mobile as mobile10_1_1_, contactdat1_.photo as photo11_1_1_, contactdat1_.work as work12_1_1_ from address_in_groups contacts0_ inner join addressbook contactdat1_ on contacts0_.id=contactdat1_.id where contacts0_.group_id=?
Hibernate: select groupdata0_.group_id as group_id1_2_, groupdata0_.group_footer as group_fo2_2_, groupdata0_.group_header as group_he3_2_, groupdata0_.group_name as group_na4_2_ from group_list groupdata0_
Hibernate: select contacts0_.group_id as group_id2_0_0_, contacts0_.id as id1_0_0_, contactdat1_.id as id1_1_1_, contactdat1_.address as address2_1_1_, contactdat1_.email as email3_1_1_, contactdat1_.email2 as email4_1_1_, contactdat1_.email3 as email5_1_1_, contactdat1_.firstname as firstnam6_1_1_, contactdat1_.home as home7_1_1_, contactdat1_.lastname as lastname8_1_1_, contactdat1_.middlename as middlena9_1_1_, contactdat1_.mobile as mobile10_1_1_, contactdat1_.photo as photo11_1_1_, contactdat1_.work as work12_1_1_ from address_in_groups contacts0_ inner join addressbook contactdat1_ on contacts0_.id=contactdat1_.id where contacts0_.group_id=?
Hibernate: select contacts0_.group_id as group_id2_0_0_, contacts0_.id as id1_0_0_, contactdat1_.id as id1_1_1_, contactdat1_.address as address2_1_1_, contactdat1_.email as email3_1_1_, contactdat1_.email2 as email4_1_1_, contactdat1_.email3 as email5_1_1_, contactdat1_.firstname as firstnam6_1_1_, contactdat1_.home as home7_1_1_, contactdat1_.lastname as lastname8_1_1_, contactdat1_.middlename as middlena9_1_1_, contactdat1_.mobile as mobile10_1_1_, contactdat1_.photo as photo11_1_1_, contactdat1_.work as work12_1_1_ from address_in_groups contacts0_ inner join addressbook contactdat1_ on contacts0_.id=contactdat1_.id where contacts0_.group_id=?
Hibernate: select contacts0_.group_id as group_id2_0_0_, contacts0_.id as id1_0_0_, contactdat1_.id as id1_1_1_, contactdat1_.address as address2_1_1_, contactdat1_.email as email3_1_1_, contactdat1_.email2 as email4_1_1_, contactdat1_.email3 as email5_1_1_, contactdat1_.firstname as firstnam6_1_1_, contactdat1_.home as home7_1_1_, contactdat1_.lastname as lastname8_1_1_, contactdat1_.middlename as middlena9_1_1_, contactdat1_.mobile as mobile10_1_1_, contactdat1_.photo as photo11_1_1_, contactdat1_.work as work12_1_1_ from address_in_groups contacts0_ inner join addressbook contactdat1_ on contacts0_.id=contactdat1_.id where contacts0_.group_id=?
Hibernate: select contacts0_.group_id as group_id2_0_0_, contacts0_.id as id1_0_0_, contactdat1_.id as id1_1_1_, contactdat1_.address as address2_1_1_, contactdat1_.email as email3_1_1_, contactdat1_.email2 as email4_1_1_, contactdat1_.email3 as email5_1_1_, contactdat1_.firstname as firstnam6_1_1_, contactdat1_.home as home7_1_1_, contactdat1_.lastname as lastname8_1_1_, contactdat1_.middlename as middlena9_1_1_, contactdat1_.mobile as mobile10_1_1_, contactdat1_.photo as photo11_1_1_, contactdat1_.work as work12_1_1_ from address_in_groups contacts0_ inner join addressbook contactdat1_ on contacts0_.id=contactdat1_.id where contacts0_.group_id=?
Hibernate: select groupdata0_.group_id as group_id1_2_, groupdata0_.group_footer as group_fo2_2_, groupdata0_.group_header as group_he3_2_, groupdata0_.group_name as group_na4_2_ from group_list groupdata0_
Hibernate: select contacts0_.group_id as group_id2_0_0_, contacts0_.id as id1_0_0_, contactdat1_.id as id1_1_1_, contactdat1_.address as address2_1_1_, contactdat1_.email as email3_1_1_, contactdat1_.email2 as email4_1_1_, contactdat1_.email3 as email5_1_1_, contactdat1_.firstname as firstnam6_1_1_, contactdat1_.home as home7_1_1_, contactdat1_.lastname as lastname8_1_1_, contactdat1_.middlename as middlena9_1_1_, contactdat1_.mobile as mobile10_1_1_, contactdat1_.photo as photo11_1_1_, contactdat1_.work as work12_1_1_ from address_in_groups contacts0_ inner join addressbook contactdat1_ on contacts0_.id=contactdat1_.id where contacts0_.group_id=?
Hibernate: select contacts0_.group_id as group_id2_0_0_, contacts0_.id as id1_0_0_, contactdat1_.id as id1_1_1_, contactdat1_.address as address2_1_1_, contactdat1_.email as email3_1_1_, contactdat1_.email2 as email4_1_1_, contactdat1_.email3 as email5_1_1_, contactdat1_.firstname as firstnam6_1_1_, contactdat1_.home as home7_1_1_, contactdat1_.lastname as lastname8_1_1_, contactdat1_.middlename as middlena9_1_1_, contactdat1_.mobile as mobile10_1_1_, contactdat1_.photo as photo11_1_1_, contactdat1_.work as work12_1_1_ from address_in_groups contacts0_ inner join addressbook contactdat1_ on contacts0_.id=contactdat1_.id where contacts0_.group_id=?
Hibernate: select contacts0_.group_id as group_id2_0_0_, contacts0_.id as id1_0_0_, contactdat1_.id as id1_1_1_, contactdat1_.address as address2_1_1_, contactdat1_.email as email3_1_1_, contactdat1_.email2 as email4_1_1_, contactdat1_.email3 as email5_1_1_, contactdat1_.firstname as firstnam6_1_1_, contactdat1_.home as home7_1_1_, contactdat1_.lastname as lastname8_1_1_, contactdat1_.middlename as middlena9_1_1_, contactdat1_.mobile as mobile10_1_1_, contactdat1_.photo as photo11_1_1_, contactdat1_.work as work12_1_1_ from address_in_groups contacts0_ inner join addressbook contactdat1_ on contacts0_.id=contactdat1_.id where contacts0_.group_id=?
Hibernate: select contacts0_.group_id as group_id2_0_0_, contacts0_.id as id1_0_0_, contactdat1_.id as id1_1_1_, contactdat1_.address as address2_1_1_, contactdat1_.email as email3_1_1_, contactdat1_.email2 as email4_1_1_, contactdat1_.email3 as email5_1_1_, contactdat1_.firstname as firstnam6_1_1_, contactdat1_.home as home7_1_1_, contactdat1_.lastname as lastname8_1_1_, contactdat1_.middlename as middlena9_1_1_, contactdat1_.mobile as mobile10_1_1_, contactdat1_.photo as photo11_1_1_, contactdat1_.work as work12_1_1_ from address_in_groups contacts0_ inner join addressbook contactdat1_ on contacts0_.id=contactdat1_.id where contacts0_.group_id=?
Hibernate: select groupdata0_.group_id as group_id1_2_, groupdata0_.group_footer as group_fo2_2_, groupdata0_.group_header as group_he3_2_, groupdata0_.group_name as group_na4_2_ from group_list groupdata0_
Hibernate: select contacts0_.group_id as group_id2_0_0_, contacts0_.id as id1_0_0_, contactdat1_.id as id1_1_1_, contactdat1_.address as address2_1_1_, contactdat1_.email as email3_1_1_, contactdat1_.email2 as email4_1_1_, contactdat1_.email3 as email5_1_1_, contactdat1_.firstname as firstnam6_1_1_, contactdat1_.home as home7_1_1_, contactdat1_.lastname as lastname8_1_1_, contactdat1_.middlename as middlena9_1_1_, contactdat1_.mobile as mobile10_1_1_, contactdat1_.photo as photo11_1_1_, contactdat1_.work as work12_1_1_ from address_in_groups contacts0_ inner join addressbook contactdat1_ on contacts0_.id=contactdat1_.id where contacts0_.group_id=?
Hibernate: select contacts0_.group_id as group_id2_0_0_, contacts0_.id as id1_0_0_, contactdat1_.id as id1_1_1_, contactdat1_.address as address2_1_1_, contactdat1_.email as email3_1_1_, contactdat1_.email2 as email4_1_1_, contactdat1_.email3 as email5_1_1_, contactdat1_.firstname as firstnam6_1_1_, contactdat1_.home as home7_1_1_, contactdat1_.lastname as lastname8_1_1_, contactdat1_.middlename as middlena9_1_1_, contactdat1_.mobile as mobile10_1_1_, contactdat1_.photo as photo11_1_1_, contactdat1_.work as work12_1_1_ from address_in_groups contacts0_ inner join addressbook contactdat1_ on contacts0_.id=contactdat1_.id where contacts0_.group_id=?
Hibernate: select contacts0_.group_id as group_id2_0_0_, contacts0_.id as id1_0_0_, contactdat1_.id as id1_1_1_, contactdat1_.address as address2_1_1_, contactdat1_.email as email3_1_1_, contactdat1_.email2 as email4_1_1_, contactdat1_.email3 as email5_1_1_, contactdat1_.firstname as firstnam6_1_1_, contactdat1_.home as home7_1_1_, contactdat1_.lastname as lastname8_1_1_, contactdat1_.middlename as middlena9_1_1_, contactdat1_.mobile as mobile10_1_1_, contactdat1_.photo as photo11_1_1_, contactdat1_.work as work12_1_1_ from address_in_groups contacts0_ inner join addressbook contactdat1_ on contacts0_.id=contactdat1_.id where contacts0_.group_id=?
Hibernate: select contacts0_.group_id as group_id2_0_0_, contacts0_.id as id1_0_0_, contactdat1_.id as id1_1_1_, contactdat1_.address as address2_1_1_, contactdat1_.email as email3_1_1_, contactdat1_.email2 as email4_1_1_, contactdat1_.email3 as email5_1_1_, contactdat1_.firstname as firstnam6_1_1_, contactdat1_.home as home7_1_1_, contactdat1_.lastname as lastname8_1_1_, contactdat1_.middlename as middlena9_1_1_, contactdat1_.mobile as mobile10_1_1_, contactdat1_.photo as photo11_1_1_, contactdat1_.work as work12_1_1_ from address_in_groups contacts0_ inner join addressbook contactdat1_ on contacts0_.id=contactdat1_.id where contacts0_.group_id=?
Hibernate: select contacts0_.group_id as group_id2_0_0_, contacts0_.id as id1_0_0_, contactdat1_.id as id1_1_1_, contactdat1_.address as address2_1_1_, contactdat1_.email as email3_1_1_, contactdat1_.email2 as email4_1_1_, contactdat1_.email3 as email5_1_1_, contactdat1_.firstname as firstnam6_1_1_, contactdat1_.home as home7_1_1_, contactdat1_.lastname as lastname8_1_1_, contactdat1_.middlename as middlena9_1_1_, contactdat1_.mobile as mobile10_1_1_, contactdat1_.photo as photo11_1_1_, contactdat1_.work as work12_1_1_ from address_in_groups contacts0_ inner join addressbook contactdat1_ on contacts0_.id=contactdat1_.id where contacts0_.group_id=?
]]></system-out>
  <system-err><![CDATA[Security framework of XStream not initialized, XStream is probably vulnerable.
]]></system-err>
</testsuite>
